<?xml version="1.0" encoding="UTF-8"?>
<!-- Generated by org.testng.reporters.JUnitReportReporter -->
<testsuite skipped="0" hostname="MDs-MacBook-Pro-5.local" name="testhomepage.TestHomePage" tests="14" failures="0" timestamp="2020-02-23T19:56:59 EST" time="159.935" errors="0">
  <testcase name="testTopHeaderTag" time="8.097" classname="testhomepage.TestHomePage"/>
  <system-out/>
  <testcase name="clickon" time="9.027" classname="testhomepage.TestHomePage"/>
  <system-out/>
  <testcase name="testPracticeButton" time="8.611" classname="testhomepage.TestHomePage"/>
  <system-out/>
  <testcase name="testSelectClassBar" time="12.199" classname="testhomepage.TestHomePage"/>
  <system-out/>
  <testcase name="clickOnRadioButton" time="10.010" classname="testhomepage.TestHomePage"/>
  <system-out/>
  <testcase name="clickOnSelectButton" time="11.106" classname="testhomepage.TestHomePage"/>
  <system-out/>
  <testcase name="clickOnSelectMultiButton" time="12.183" classname="testhomepage.TestHomePage"/>
  <system-out/>
  <testcase name="clickOnCheckButton" time="11.318" classname="testhomepage.TestHomePage"/>
  <system-out/>
  <testcase name="newWindowOpen" time="12.064" classname="testhomepage.TestHomePage"/>
  <system-out/>
  <testcase name="newWindowOpen1" time="11.464" classname="testhomepage.TestHomePage"/>
  <system-out/>
  <testcase name="alertHandleAccept" time="12.591" classname="testhomepage.TestHomePage"/>
  <system-out/>
  <testcase name="alertHandleCancle" time="13.474" classname="testhomepage.TestHomePage"/>
  <system-out/>
  <testcase name="getTable" time="10.402" classname="testhomepage.TestHomePage"/>
  <system-out/>
  <testcase name="testiFrame" time="17.389" classname="testhomepage.TestHomePage"/>
  <system-out/>
</testsuite> <!-- testhomepage.TestHomePage -->
